app/build/intermediates/manifest_merge_blame_file/debug/manifest-merger-blame-debug-report.txt
1<?xml version="1.0" encoding="utf-8"?>
2<manifest xmlns:android="http://schemas.android.com/apk/res/android"
3    package="macc.signinup"
4    android:versionCode="1"
5    android:versionName="1.0" >
6
7    <uses-sdk
8        android:minSdkVersion="28"
9        android:targetSdkVersion="33" />
10
11    <uses-permission android:name="android.permission.USE_BIOMETRIC" />
11-->src/main/AndroidManifest.xml:5:5-72
11-->src/main/AndroidManifest.xml:5:22-69
12    <uses-permission android:name="android.permission.CAMERA" />
12-->src/main/AndroidManifest.xml:6:5-65
12-->src/main/AndroidManifest.xml:6:22-62
13    <uses-permission android:name="android.permission.INTERNET" />
13-->src/main/AndroidManifest.xml:7:5-67
13-->src/main/AndroidManifest.xml:7:22-64
14
15    <uses-feature android:name="android.hardware.camera" />
15-->src/main/AndroidManifest.xml:8:5-60
15-->src/main/AndroidManifest.xml:8:19-57
16
17    <uses-permission android:name="android.permission.ACCESS_NETWORK_STATE" /> <!-- suppress DeprecatedClassUsageInspection -->
17-->[com.google.firebase:firebase-auth:22.3.1] AndroidManifest.xml:26:5-79
17-->[com.google.firebase:firebase-auth:22.3.1] AndroidManifest.xml:26:22-76
18    <uses-permission android:name="android.permission.USE_FINGERPRINT" /> <!-- SceneView requires OpenGLES 3.0 or later for 3D rendering. -->
18-->[androidx.biometric:biometric:1.2.0-alpha05] AndroidManifest.xml:25:5-74
18-->[androidx.biometric:biometric:1.2.0-alpha05] AndroidManifest.xml:25:22-71
19    <uses-feature
19-->[io.github.sceneview:sceneview:2.0.4] AndroidManifest.xml:11:5-13:35
20        android:glEsVersion="0x00030000"
20-->[io.github.sceneview:sceneview:2.0.4] AndroidManifest.xml:12:9-41
21        android:required="true" />
21-->[io.github.sceneview:sceneview:2.0.4] AndroidManifest.xml:13:9-32
22
23    <uses-permission android:name="com.google.android.providers.gsf.permission.READ_GSERVICES" />
23-->[com.google.android.recaptcha:recaptcha:18.4.0] AndroidManifest.xml:9:5-98
23-->[com.google.android.recaptcha:recaptcha:18.4.0] AndroidManifest.xml:9:22-95
24
25    <permission
25-->[androidx.core:core:1.12.0] AndroidManifest.xml:22:5-24:47
26        android:name="macc.signinup.DYNAMIC_RECEIVER_NOT_EXPORTED_PERMISSION"
26-->[androidx.core:core:1.12.0] AndroidManifest.xml:23:9-81
27        android:protectionLevel="signature" />
27-->[androidx.core:core:1.12.0] AndroidManifest.xml:24:9-44
28
29    <uses-permission android:name="macc.signinup.DYNAMIC_RECEIVER_NOT_EXPORTED_PERMISSION" />
29-->[androidx.core:core:1.12.0] AndroidManifest.xml:26:5-97
29-->[androidx.core:core:1.12.0] AndroidManifest.xml:26:22-94
30
31    <queries>
31-->[com.google.ar:core:1.40.0] AndroidManifest.xml:20:5-22:15
32        <package android:name="com.google.ar.core" />
32-->[com.google.ar:core:1.40.0] AndroidManifest.xml:21:9-54
32-->[com.google.ar:core:1.40.0] AndroidManifest.xml:21:18-51
33    </queries>
34
35    <application
35-->src/main/AndroidManifest.xml:10:5-34:19
36        android:name="macc.AR.ArApp"
36-->src/main/AndroidManifest.xml:11:9-37
37        android:allowBackup="true"
37-->src/main/AndroidManifest.xml:12:9-35
38        android:appComponentFactory="androidx.core.app.CoreComponentFactory"
38-->[androidx.core:core:1.12.0] AndroidManifest.xml:28:18-86
39        android:dataExtractionRules="@xml/data_extraction_rules"
39-->src/main/AndroidManifest.xml:13:9-65
40        android:debuggable="true"
41        android:extractNativeLibs="false"
42        android:fullBackupContent="@xml/backup_rules"
42-->src/main/AndroidManifest.xml:14:9-54
43        android:icon="@mipmap/ic_launcher"
43-->src/main/AndroidManifest.xml:15:9-43
44        android:label="@string/app_name"
44-->src/main/AndroidManifest.xml:16:9-41
45        android:roundIcon="@mipmap/ic_launcher_round"
45-->src/main/AndroidManifest.xml:17:9-54
46        android:supportsRtl="true"
46-->src/main/AndroidManifest.xml:18:9-35
47        android:testOnly="true"
48        android:theme="@style/Theme.SignInUp" >
48-->src/main/AndroidManifest.xml:19:9-46
49        <activity
49-->src/main/AndroidManifest.xml:21:9-29:20
50            android:name="macc.AR.MainActivity"
50-->src/main/AndroidManifest.xml:22:13-48
51            android:exported="true"
51-->src/main/AndroidManifest.xml:23:13-36
52            android:windowSoftInputMode="adjustResize" >
52-->src/main/AndroidManifest.xml:24:13-55
53            <intent-filter>
53-->src/main/AndroidManifest.xml:25:13-28:29
54                <action android:name="android.intent.action.MAIN" />
54-->src/main/AndroidManifest.xml:26:17-69
54-->src/main/AndroidManifest.xml:26:25-66
55
56                <category android:name="android.intent.category.LAUNCHER" />
56-->src/main/AndroidManifest.xml:27:17-77
56-->src/main/AndroidManifest.xml:27:27-74
57            </intent-filter>
58        </activity>
59
60        <meta-data
60-->src/main/AndroidManifest.xml:31:9-33:71
61            android:name="com.google.android.ar.API_KEY"
61-->src/main/AndroidManifest.xml:32:13-57
62            android:value="AIzaSyAiffezny5gwxflgn5HB9cNEX7E3GLr_Q8" />
62-->src/main/AndroidManifest.xml:33:13-68
63        <!--
64        Indicates that this app requires Google Play Services for AR ("AR Required") and causes
65        the Google Play Store to download and intall Google Play Services for AR along with the app.
66        For an "AR Optional" app, specify "optional" instead of "required".
67        -->
68        <meta-data
68-->[io.github.sceneview:arsceneview:2.0.4] AndroidManifest.xml:17:9-19:40
69            android:name="com.google.ar.core"
69-->[io.github.sceneview:arsceneview:2.0.4] AndroidManifest.xml:18:13-46
70            android:value="optional" />
70-->[io.github.sceneview:arsceneview:2.0.4] AndroidManifest.xml:19:13-37
71
72        <service
72-->[com.google.firebase:firebase-firestore-ktx:21.4.0] AndroidManifest.xml:12:9-18:19
73            android:name="com.google.firebase.components.ComponentDiscoveryService"
73-->[com.google.firebase:firebase-firestore-ktx:21.4.0] AndroidManifest.xml:13:13-84
74            android:directBootAware="true"
74-->[com.google.firebase:firebase-common:20.4.2] AndroidManifest.xml:32:13-43
75            android:exported="false" >
75-->[com.google.firebase:firebase-firestore-ktx:21.4.0] AndroidManifest.xml:14:13-37
76            <meta-data
76-->[com.google.firebase:firebase-firestore-ktx:21.4.0] AndroidManifest.xml:15:13-17:85
77                android:name="com.google.firebase.components:com.google.firebase.firestore.ktx.FirebaseFirestoreKtxRegistrar"
77-->[com.google.firebase:firebase-firestore-ktx:21.4.0] AndroidManifest.xml:16:17-126
78                android:value="com.google.firebase.components.ComponentRegistrar" />
78-->[com.google.firebase:firebase-firestore-ktx:21.4.0] AndroidManifest.xml:17:17-82
79            <meta-data
79-->[com.google.firebase:firebase-auth-ktx:22.3.1] AndroidManifest.xml:11:13-13:85
80                android:name="com.google.firebase.components:com.google.firebase.auth.ktx.FirebaseAuthLegacyRegistrar"
80-->[com.google.firebase:firebase-auth-ktx:22.3.1] AndroidManifest.xml:12:17-119
81                android:value="com.google.firebase.components.ComponentRegistrar" />
81-->[com.google.firebase:firebase-auth-ktx:22.3.1] AndroidManifest.xml:13:17-82
82            <meta-data
82-->[com.google.firebase:firebase-auth:22.3.1] AndroidManifest.xml:69:13-71:85
83                android:name="com.google.firebase.components:com.google.firebase.auth.FirebaseAuthRegistrar"
83-->[com.google.firebase:firebase-auth:22.3.1] AndroidManifest.xml:70:17-109
84                android:value="com.google.firebase.components.ComponentRegistrar" />
84-->[com.google.firebase:firebase-auth:22.3.1] AndroidManifest.xml:71:17-82
85            <meta-data
85-->[com.google.firebase:firebase-common-ktx:20.4.2] AndroidManifest.xml:12:13-14:85
86                android:name="com.google.firebase.components:com.google.firebase.ktx.FirebaseCommonLegacyRegistrar"
86-->[com.google.firebase:firebase-common-ktx:20.4.2] AndroidManifest.xml:13:17-116
87                android:value="com.google.firebase.components.ComponentRegistrar" />
87-->[com.google.firebase:firebase-common-ktx:20.4.2] AndroidManifest.xml:14:17-82
88            <meta-data
88-->[com.google.firebase:firebase-firestore:21.4.0] AndroidManifest.xml:20:13-22:85
89                android:name="com.google.firebase.components:com.google.firebase.firestore.FirestoreRegistrar"
89-->[com.google.firebase:firebase-firestore:21.4.0] AndroidManifest.xml:21:17-111
90                android:value="com.google.firebase.components.ComponentRegistrar" />
90-->[com.google.firebase:firebase-firestore:21.4.0] AndroidManifest.xml:22:17-82
91            <meta-data
91-->[com.google.firebase:firebase-common:20.4.2] AndroidManifest.xml:35:13-37:85
92                android:name="com.google.firebase.components:com.google.firebase.FirebaseCommonKtxRegistrar"
92-->[com.google.firebase:firebase-common:20.4.2] AndroidManifest.xml:36:17-109
93                android:value="com.google.firebase.components.ComponentRegistrar" />
93-->[com.google.firebase:firebase-common:20.4.2] AndroidManifest.xml:37:17-82
94        </service>
95
96        <activity
96-->[com.google.firebase:firebase-auth:22.3.1] AndroidManifest.xml:29:9-46:20
97            android:name="com.google.firebase.auth.internal.GenericIdpActivity"
97-->[com.google.firebase:firebase-auth:22.3.1] AndroidManifest.xml:30:13-80
98            android:excludeFromRecents="true"
98-->[com.google.firebase:firebase-auth:22.3.1] AndroidManifest.xml:31:13-46
99            android:exported="true"
99-->[com.google.firebase:firebase-auth:22.3.1] AndroidManifest.xml:32:13-36
100            android:launchMode="singleTask"
100-->[com.google.firebase:firebase-auth:22.3.1] AndroidManifest.xml:33:13-44
101            android:theme="@android:style/Theme.Translucent.NoTitleBar" >
101-->[com.google.firebase:firebase-auth:22.3.1] AndroidManifest.xml:34:13-72
102            <intent-filter>
102-->[com.google.firebase:firebase-auth:22.3.1] AndroidManifest.xml:35:13-45:29
103                <action android:name="android.intent.action.VIEW" />
103-->[com.google.firebase:firebase-auth:22.3.1] AndroidManifest.xml:36:17-69
103-->[com.google.firebase:firebase-auth:22.3.1] AndroidManifest.xml:36:25-66
104
105                <category android:name="android.intent.category.DEFAULT" />
105-->[com.google.firebase:firebase-auth:22.3.1] AndroidManifest.xml:38:17-76
105-->[com.google.firebase:firebase-auth:22.3.1] AndroidManifest.xml:38:27-73
106                <category android:name="android.intent.category.BROWSABLE" />
106-->[com.google.firebase:firebase-auth:22.3.1] AndroidManifest.xml:39:17-78
106-->[com.google.firebase:firebase-auth:22.3.1] AndroidManifest.xml:39:27-75
107
108                <data
108-->[com.google.firebase:firebase-auth:22.3.1] AndroidManifest.xml:41:17-44:51
109                    android:host="firebase.auth"
109-->[com.google.firebase:firebase-auth:22.3.1] AndroidManifest.xml:42:21-49
110                    android:path="/"
110-->[com.google.firebase:firebase-auth:22.3.1] AndroidManifest.xml:43:21-37
111                    android:scheme="genericidp" />
111-->[com.google.firebase:firebase-auth:22.3.1] AndroidManifest.xml:44:21-48
112            </intent-filter>
113        </activity>
114        <activity
114-->[com.google.firebase:firebase-auth:22.3.1] AndroidManifest.xml:47:9-64:20
115            android:name="com.google.firebase.auth.internal.RecaptchaActivity"
115-->[com.google.firebase:firebase-auth:22.3.1] AndroidManifest.xml:48:13-79
116            android:excludeFromRecents="true"
116-->[com.google.firebase:firebase-auth:22.3.1] AndroidManifest.xml:49:13-46
117            android:exported="true"
117-->[com.google.firebase:firebase-auth:22.3.1] AndroidManifest.xml:50:13-36
118            android:launchMode="singleTask"
118-->[com.google.firebase:firebase-auth:22.3.1] AndroidManifest.xml:51:13-44
119            android:theme="@android:style/Theme.Translucent.NoTitleBar" >
119-->[com.google.firebase:firebase-auth:22.3.1] AndroidManifest.xml:52:13-72
120            <intent-filter>
120-->[com.google.firebase:firebase-auth:22.3.1] AndroidManifest.xml:53:13-63:29
121                <action android:name="android.intent.action.VIEW" />
121-->[com.google.firebase:firebase-auth:22.3.1] AndroidManifest.xml:36:17-69
121-->[com.google.firebase:firebase-auth:22.3.1] AndroidManifest.xml:36:25-66
122
123                <category android:name="android.intent.category.DEFAULT" />
123-->[com.google.firebase:firebase-auth:22.3.1] AndroidManifest.xml:38:17-76
123-->[com.google.firebase:firebase-auth:22.3.1] AndroidManifest.xml:38:27-73
124                <category android:name="android.intent.category.BROWSABLE" />
124-->[com.google.firebase:firebase-auth:22.3.1] AndroidManifest.xml:39:17-78
124-->[com.google.firebase:firebase-auth:22.3.1] AndroidManifest.xml:39:27-75
125
126                <data
126-->[com.google.firebase:firebase-auth:22.3.1] AndroidManifest.xml:41:17-44:51
127                    android:host="firebase.auth"
127-->[com.google.firebase:firebase-auth:22.3.1] AndroidManifest.xml:42:21-49
128                    android:path="/"
128-->[com.google.firebase:firebase-auth:22.3.1] AndroidManifest.xml:43:21-37
129                    android:scheme="recaptcha" />
129-->[com.google.firebase:firebase-auth:22.3.1] AndroidManifest.xml:44:21-48
130            </intent-filter>
131        </activity>
132        <activity
132-->[androidx.compose.ui:ui-tooling-android:1.6.3] AndroidManifest.xml:23:9-25:39
133            android:name="androidx.compose.ui.tooling.PreviewActivity"
133-->[androidx.compose.ui:ui-tooling-android:1.6.3] AndroidManifest.xml:24:13-71
134            android:exported="true" />
134-->[androidx.compose.ui:ui-tooling-android:1.6.3] AndroidManifest.xml:25:13-36
135        <activity
135-->[com.google.android.gms:play-services-auth:21.0.0] AndroidManifest.xml:23:9-27:75
136            android:name="com.google.android.gms.auth.api.signin.internal.SignInHubActivity"
136-->[com.google.android.gms:play-services-auth:21.0.0] AndroidManifest.xml:24:13-93
137            android:excludeFromRecents="true"
137-->[com.google.android.gms:play-services-auth:21.0.0] AndroidManifest.xml:25:13-46
138            android:exported="false"
138-->[com.google.android.gms:play-services-auth:21.0.0] AndroidManifest.xml:26:13-37
139            android:theme="@android:style/Theme.Translucent.NoTitleBar" />
139-->[com.google.android.gms:play-services-auth:21.0.0] AndroidManifest.xml:27:13-72
140        <!--
141            Service handling Google Sign-In user revocation. For apps that do not integrate with
142            Google Sign-In, this service will never be started.
143        -->
144        <service
144-->[com.google.android.gms:play-services-auth:21.0.0] AndroidManifest.xml:33:9-37:51
145            android:name="com.google.android.gms.auth.api.signin.RevocationBoundService"
145-->[com.google.android.gms:play-services-auth:21.0.0] AndroidManifest.xml:34:13-89
146            android:exported="true"
146-->[com.google.android.gms:play-services-auth:21.0.0] AndroidManifest.xml:35:13-36
147            android:permission="com.google.android.gms.auth.api.signin.permission.REVOCATION_NOTIFICATION"
147-->[com.google.android.gms:play-services-auth:21.0.0] AndroidManifest.xml:36:13-107
148            android:visibleToInstantApps="true" />
148-->[com.google.android.gms:play-services-auth:21.0.0] AndroidManifest.xml:37:13-48
149
150        <provider
150-->[com.google.firebase:firebase-common:20.4.2] AndroidManifest.xml:23:9-28:39
151            android:name="com.google.firebase.provider.FirebaseInitProvider"
151-->[com.google.firebase:firebase-common:20.4.2] AndroidManifest.xml:24:13-77
152            android:authorities="macc.signinup.firebaseinitprovider"
152-->[com.google.firebase:firebase-common:20.4.2] AndroidManifest.xml:25:13-72
153            android:directBootAware="true"
153-->[com.google.firebase:firebase-common:20.4.2] AndroidManifest.xml:26:13-43
154            android:exported="false"
154-->[com.google.firebase:firebase-common:20.4.2] AndroidManifest.xml:27:13-37
155            android:initOrder="100" />
155-->[com.google.firebase:firebase-common:20.4.2] AndroidManifest.xml:28:13-36
156
157        <activity
157-->[com.google.android.gms:play-services-base:18.0.1] AndroidManifest.xml:20:9-22:45
158            android:name="com.google.android.gms.common.api.GoogleApiActivity"
158-->[com.google.android.gms:play-services-base:18.0.1] AndroidManifest.xml:20:19-85
159            android:exported="false"
159-->[com.google.android.gms:play-services-base:18.0.1] AndroidManifest.xml:22:19-43
160            android:theme="@android:style/Theme.Translucent.NoTitleBar" />
160-->[com.google.android.gms:play-services-base:18.0.1] AndroidManifest.xml:21:19-78
161
162        <provider
162-->[androidx.emoji2:emoji2:1.3.0] AndroidManifest.xml:24:9-32:20
163            android:name="androidx.startup.InitializationProvider"
163-->[androidx.emoji2:emoji2:1.3.0] AndroidManifest.xml:25:13-67
164            android:authorities="macc.signinup.androidx-startup"
164-->[androidx.emoji2:emoji2:1.3.0] AndroidManifest.xml:26:13-68
165            android:exported="false" >
165-->[androidx.emoji2:emoji2:1.3.0] AndroidManifest.xml:27:13-37
166            <meta-data
166-->[androidx.emoji2:emoji2:1.3.0] AndroidManifest.xml:29:13-31:52
167                android:name="androidx.emoji2.text.EmojiCompatInitializer"
167-->[androidx.emoji2:emoji2:1.3.0] AndroidManifest.xml:30:17-75
168                android:value="androidx.startup" />
168-->[androidx.emoji2:emoji2:1.3.0] AndroidManifest.xml:31:17-49
169            <meta-data
169-->[androidx.lifecycle:lifecycle-process:2.7.0] AndroidManifest.xml:29:13-31:52
170                android:name="androidx.lifecycle.ProcessLifecycleInitializer"
170-->[androidx.lifecycle:lifecycle-process:2.7.0] AndroidManifest.xml:30:17-78
171                android:value="androidx.startup" />
171-->[androidx.lifecycle:lifecycle-process:2.7.0] AndroidManifest.xml:31:17-49
172            <meta-data
172-->[androidx.profileinstaller:profileinstaller:1.3.0] AndroidManifest.xml:29:13-31:52
173                android:name="androidx.profileinstaller.ProfileInstallerInitializer"
173-->[androidx.profileinstaller:profileinstaller:1.3.0] AndroidManifest.xml:30:17-85
174                android:value="androidx.startup" />
174-->[androidx.profileinstaller:profileinstaller:1.3.0] AndroidManifest.xml:31:17-49
175        </provider>
176
177        <uses-library
177-->[androidx.window:window:1.0.0] AndroidManifest.xml:25:9-27:40
178            android:name="androidx.window.extensions"
178-->[androidx.window:window:1.0.0] AndroidManifest.xml:26:13-54
179            android:required="false" />
179-->[androidx.window:window:1.0.0] AndroidManifest.xml:27:13-37
180        <uses-library
180-->[androidx.window:window:1.0.0] AndroidManifest.xml:28:9-30:40
181            android:name="androidx.window.sidecar"
181-->[androidx.window:window:1.0.0] AndroidManifest.xml:29:13-51
182            android:required="false" />
182-->[androidx.window:window:1.0.0] AndroidManifest.xml:30:13-37
183
184        <meta-data
184-->[com.google.android.gms:play-services-basement:18.2.0] AndroidManifest.xml:21:9-23:69
185            android:name="com.google.android.gms.version"
185-->[com.google.android.gms:play-services-basement:18.2.0] AndroidManifest.xml:22:13-58
186            android:value="@integer/google_play_services_version" />
186-->[com.google.android.gms:play-services-basement:18.2.0] AndroidManifest.xml:23:13-66
187
188        <activity
188-->[androidx.compose.ui:ui-test-manifest:1.6.3] AndroidManifest.xml:23:9-25:39
189            android:name="androidx.activity.ComponentActivity"
189-->[androidx.compose.ui:ui-test-manifest:1.6.3] AndroidManifest.xml:24:13-63
190            android:exported="true" /> <!-- The minimal version code of ARCore APK required for an app using this SDK. -->
190-->[androidx.compose.ui:ui-test-manifest:1.6.3] AndroidManifest.xml:25:13-36
191        <meta-data
191-->[com.google.ar:core:1.40.0] AndroidManifest.xml:27:9-29:41
192            android:name="com.google.ar.core.min_apk_version"
192-->[com.google.ar:core:1.40.0] AndroidManifest.xml:28:13-62
193            android:value="232050000" /> <!-- This activity is critical for installing ARCore when it is not already present. -->
193-->[com.google.ar:core:1.40.0] AndroidManifest.xml:29:13-38
194        <activity
194-->[com.google.ar:core:1.40.0] AndroidManifest.xml:31:9-37:80
195            android:name="com.google.ar.core.InstallActivity"
195-->[com.google.ar:core:1.40.0] AndroidManifest.xml:32:13-62
196            android:configChanges="keyboardHidden|orientation|screenSize"
196-->[com.google.ar:core:1.40.0] AndroidManifest.xml:33:13-74
197            android:excludeFromRecents="true"
197-->[com.google.ar:core:1.40.0] AndroidManifest.xml:34:13-46
198            android:exported="false"
198-->[com.google.ar:core:1.40.0] AndroidManifest.xml:35:13-37
199            android:launchMode="singleTop"
199-->[com.google.ar:core:1.40.0] AndroidManifest.xml:36:13-43
200            android:theme="@android:style/Theme.Material.Light.Dialog.Alert" />
200-->[com.google.ar:core:1.40.0] AndroidManifest.xml:37:13-77
201
202        <receiver
202-->[androidx.profileinstaller:profileinstaller:1.3.0] AndroidManifest.xml:34:9-52:20
203            android:name="androidx.profileinstaller.ProfileInstallReceiver"
203-->[androidx.profileinstaller:profileinstaller:1.3.0] AndroidManifest.xml:35:13-76
204            android:directBootAware="false"
204-->[androidx.profileinstaller:profileinstaller:1.3.0] AndroidManifest.xml:36:13-44
205            android:enabled="true"
205-->[androidx.profileinstaller:profileinstaller:1.3.0] AndroidManifest.xml:37:13-35
206            android:exported="true"
206-->[androidx.profileinstaller:profileinstaller:1.3.0] AndroidManifest.xml:38:13-36
207            android:permission="android.permission.DUMP" >
207-->[androidx.profileinstaller:profileinstaller:1.3.0] AndroidManifest.xml:39:13-57
208            <intent-filter>
208-->[androidx.profileinstaller:profileinstaller:1.3.0] AndroidManifest.xml:40:13-42:29
209                <action android:name="androidx.profileinstaller.action.INSTALL_PROFILE" />
209-->[androidx.profileinstaller:profileinstaller:1.3.0] AndroidManifest.xml:41:17-91
209-->[androidx.profileinstaller:profileinstaller:1.3.0] AndroidManifest.xml:41:25-88
210            </intent-filter>
211            <intent-filter>
211-->[androidx.profileinstaller:profileinstaller:1.3.0] AndroidManifest.xml:43:13-45:29
212                <action android:name="androidx.profileinstaller.action.SKIP_FILE" />
212-->[androidx.profileinstaller:profileinstaller:1.3.0] AndroidManifest.xml:44:17-85
212-->[androidx.profileinstaller:profileinstaller:1.3.0] AndroidManifest.xml:44:25-82
213            </intent-filter>
214            <intent-filter>
214-->[androidx.profileinstaller:profileinstaller:1.3.0] AndroidManifest.xml:46:13-48:29
215                <action android:name="androidx.profileinstaller.action.SAVE_PROFILE" />
215-->[androidx.profileinstaller:profileinstaller:1.3.0] AndroidManifest.xml:47:17-88
215-->[androidx.profileinstaller:profileinstaller:1.3.0] AndroidManifest.xml:47:25-85
216            </intent-filter>
217            <intent-filter>
217-->[androidx.profileinstaller:profileinstaller:1.3.0] AndroidManifest.xml:49:13-51:29
218                <action android:name="androidx.profileinstaller.action.BENCHMARK_OPERATION" />
218-->[androidx.profileinstaller:profileinstaller:1.3.0] AndroidManifest.xml:50:17-95
218-->[androidx.profileinstaller:profileinstaller:1.3.0] AndroidManifest.xml:50:25-92
219            </intent-filter>
220        </receiver>
221    </application>
222
223</manifest>